<?xml version="1.0" encoding="UTF-8"?>
<testsuite xmlns:xsi="http://www.w3.org/2001/XMLSchema-instance" xsi:noNamespaceSchemaLocation="https://maven.apache.org/surefire/maven-surefire-plugin/xsd/surefire-test-report.xsd" name="com.mycompany.app.AppTest" time="0.024" tests="5" errors="0" skipped="1" failures="0">
  <properties>
    <property name="java.specification.version" value="16"/>
    <property name="sun.jnu.encoding" value="UTF-8"/>
    <property name="java.class.path" value="/Users/lindatrosken/IdeaProjects/neuefische/maven-test-repo/my-app/target/test-classes:/Users/lindatrosken/IdeaProjects/neuefische/maven-test-repo/my-app/target/classes:/Users/lindatrosken/.m2/repository/junit/junit/4.11/junit-4.11.jar:/Users/lindatrosken/.m2/repository/org/hamcrest/hamcrest-core/1.3/hamcrest-core-1.3.jar:"/>
    <property name="java.vm.vendor" value="Oracle Corporation"/>
    <property name="sun.arch.data.model" value="64"/>
    <property name="java.vendor.url" value="https://java.oracle.com/"/>
    <property name="os.name" value="Mac OS X"/>
    <property name="java.vm.specification.version" value="16"/>
    <property name="sun.java.launcher" value="SUN_STANDARD"/>
    <property name="user.country" value="DE"/>
    <property name="sun.boot.library.path" value="/Library/Java/JavaVirtualMachines/jdk-16.0.1.jdk/Contents/Home/lib"/>
    <property name="sun.java.command" value="/Users/lindatrosken/IdeaProjects/neuefische/maven-test-repo/my-app/target/surefire/surefirebooter11654303880528654302.jar /Users/lindatrosken/IdeaProjects/neuefische/maven-test-repo/my-app/target/surefire 2021-07-14T22-21-15_469-jvmRun1 surefire17842570684544783805tmp surefire_016746914879526424775tmp"/>
    <property name="http.nonProxyHosts" value="local|*.local|169.254/16|*.169.254/16"/>
    <property name="jdk.debug" value="release"/>
    <property name="surefire.test.class.path" value="/Users/lindatrosken/IdeaProjects/neuefische/maven-test-repo/my-app/target/test-classes:/Users/lindatrosken/IdeaProjects/neuefische/maven-test-repo/my-app/target/classes:/Users/lindatrosken/.m2/repository/junit/junit/4.11/junit-4.11.jar:/Users/lindatrosken/.m2/repository/org/hamcrest/hamcrest-core/1.3/hamcrest-core-1.3.jar:"/>
    <property name="sun.cpu.endian" value="little"/>
    <property name="user.home" value="/Users/lindatrosken"/>
    <property name="user.language" value="de"/>
    <property name="java.specification.vendor" value="Oracle Corporation"/>
    <property name="java.version.date" value="2021-04-20"/>
    <property name="java.home" value="/Library/Java/JavaVirtualMachines/jdk-16.0.1.jdk/Contents/Home"/>
    <property name="file.separator" value="/"/>
    <property name="basedir" value="/Users/lindatrosken/IdeaProjects/neuefische/maven-test-repo/my-app"/>
    <property name="java.vm.compressedOopsMode" value="Zero based"/>
    <property name="line.separator" value="&#10;"/>
    <property name="java.specification.name" value="Java Platform API Specification"/>
    <property name="java.vm.specification.vendor" value="Oracle Corporation"/>
    <property name="surefire.real.class.path" value="/Users/lindatrosken/IdeaProjects/neuefische/maven-test-repo/my-app/target/surefire/surefirebooter11654303880528654302.jar"/>
    <property name="sun.management.compiler" value="HotSpot 64-Bit Tiered Compilers"/>
    <property name="ftp.nonProxyHosts" value="local|*.local|169.254/16|*.169.254/16"/>
    <property name="java.runtime.version" value="16.0.1+9-24"/>
    <property name="user.name" value="lindatrosken"/>
    <property name="path.separator" value=":"/>
    <property name="os.version" value="11.4"/>
    <property name="java.runtime.name" value="Java(TM) SE Runtime Environment"/>
    <property name="file.encoding" value="UTF-8"/>
    <property name="java.vm.name" value="Java HotSpot(TM) 64-Bit Server VM"/>
    <property name="localRepository" value="/Users/lindatrosken/.m2/repository"/>
    <property name="java.vendor.url.bug" value="https://bugreport.java.com/bugreport/"/>
    <property name="java.io.tmpdir" value="/var/folders/y_/p6zfc_dj7tj14z7nnzz0zskw0000gn/T/"/>
    <property name="idea.version" value="2021.1.3"/>
    <property name="java.version" value="16.0.1"/>
    <property name="user.dir" value="/Users/lindatrosken/IdeaProjects/neuefische/maven-test-repo/my-app"/>
    <property name="os.arch" value="x86_64"/>
    <property name="java.vm.specification.name" value="Java Virtual Machine Specification"/>
    <property name="java.library.path" value="/Users/lindatrosken/Library/Java/Extensions:/Library/Java/Extensions:/Network/Library/Java/Extensions:/System/Library/Java/Extensions:/usr/lib/java:."/>
    <property name="java.vm.info" value="mixed mode, sharing"/>
    <property name="java.vendor" value="Oracle Corporation"/>
    <property name="java.vm.version" value="16.0.1+9-24"/>
    <property name="sun.io.unicode.encoding" value="UnicodeBig"/>
    <property name="socksNonProxyHosts" value="local|*.local|169.254/16|*.169.254/16"/>
    <property name="java.class.version" value="60.0"/>
  </properties>
  <testcase name="shouldAnswerWithTrue" classname="com.mycompany.app.AppTest" time="0.002"/>
  <testcase name="calculateLengthOfString" classname="com.mycompany.app.AppTest" time="0"/>
  <testcase name="addTest" classname="com.mycompany.app.AppTest" time="0"/>
  <testcase name="shouldBeNamedStrict" classname="com.mycompany.app.AppTest" time="0">
    <skipped/>
  </testcase>
  <testcase name="greater100Test" classname="com.mycompany.app.AppTest" time="0"/>
</testsuite>